Database Update Log - 2025-04-10 01:29:32

Connecting to database: mysql:host=127.0.0.1;dbname=airmess, user=root
Successfully connected to the database.
Querying for table columns...
Found 21 columns in users table:
- id_U (int(11))
- name (varchar(255))
- prenom (varchar(255))
- email (varchar(255))
- password (varchar(255))
- roleUser (varchar(255))
- dateNaiss (date)
- phoneNumber (varchar(20))
- statut (varchar(10))
- diamond (int(11))
- deleteFlag (int(11))
- imagesU (varchar(255))
- googleId (varchar(255))
- githubId (varchar(255))
- isVerified (tinyint(1))
- verificationToken (varchar(255))
- resetToken (varchar(255))
- passwordRequestedAt (datetime)
- businessType (varchar(50))
- companyDescription (text)
- resetTokenExpires (datetime)
Column businessType already exists.
Column companyDescription already exists.
Column resetToken already exists.
Column resetTokenExpires already exists.
Database update complete.
